# JRE version: OpenJDK Runtime Environment (8.0_202-b03) (build 1.8.0_202-release-1483-b03)
# Java VM: OpenJDK 64-Bit Server VM (25.202-b03 mixed mode windows-amd64 compressed oops)
Heap:
 PSYoungGen      total 258048K, used 212995K [0x00000000e0000000, 0x00000000f2100000, 0x0000000100000000)
  eden space 221184K, 90% used [0x00000000e0000000,0x00000000ec3ef6d8,0x00000000ed800000)
  from space 36864K, 33% used [0x00000000ed800000,0x00000000ee411708,0x00000000efc00000)
  to   space 37888K, 0% used [0x00000000efc00000,0x00000000efc00000,0x00000000f2100000)
 ParOldGen       total 145408K, used 64808K [0x00000000a0000000, 0x00000000a8e00000, 0x00000000e0000000)
  object space 145408K, 44% used [0x00000000a0000000,0x00000000a3f4a368,0x00000000a8e00000)
 Metaspace       used 96153K, capacity 100688K, committed 100992K, reserved 1136640K
  class space    used 12202K, capacity 13087K, committed 13184K, reserved 1048576K
GC Heap History (10 events):
Event: 1401.253 GC heap before
{Heap before GC invocations=23 (full 3):
 PSYoungGen      total 224768K, used 224675K [0x00000000e0000000, 0x00000000f0280000, 0x0000000100000000)
  eden space 197120K, 100% used [0x00000000e0000000,0x00000000ec080000,0x00000000ec080000)
  from space 27648K, 99% used [0x00000000ec700000,0x00000000ee1e8f98,0x00000000ee200000)
  to   space 33280K, 0% used [0x00000000ee200000,0x00000000ee200000,0x00000000f0280000)
 ParOldGen       total 145408K, used 49250K [0x00000000a0000000, 0x00000000a8e00000, 0x00000000e0000000)
  object space 145408K, 33% used [0x00000000a0000000,0x00000000a3018a18,0x00000000a8e00000)
 Metaspace       used 92683K, capacity 97408K, committed 97536K, reserved 1134592K
  class space    used 11911K, capacity 12795K, committed 12800K, reserved 1048576K
Event: 1401.279 GC heap after
Heap after GC invocations=23 (full 3):
 PSYoungGen      total 218112K, used 21131K [0x00000000e0000000, 0x00000000efc80000, 0x0000000100000000)
  eden space 190976K, 0% used [0x00000000e0000000,0x00000000e0000000,0x00000000eba80000)
  from space 27136K, 77% used [0x00000000ee200000,0x00000000ef6a2c78,0x00000000efc80000)
  to   space 33792K, 0% used [0x00000000eba80000,0x00000000eba80000,0x00000000edb80000)
 ParOldGen       total 145408K, used 49258K [0x00000000a0000000, 0x00000000a8e00000, 0x00000000e0000000)
  object space 145408K, 33% used [0x00000000a0000000,0x00000000a301aa18,0x00000000a8e00000)
 Metaspace       used 92683K, capacity 97408K, committed 97536K, reserved 1134592K
  class space    used 11911K, capacity 12795K, committed 12800K, reserved 1048576K
}
Event: 1401.777 GC heap before
{Heap before GC invocations=24 (full 3):
 PSYoungGen      total 218112K, used 60483K [0x00000000e0000000, 0x00000000efc80000, 0x0000000100000000)
  eden space 190976K, 20% used [0x00000000e0000000,0x00000000e266e338,0x00000000eba80000)
  from space 27136K, 77% used [0x00000000ee200000,0x00000000ef6a2c78,0x00000000efc80000)
  to   space 33792K, 0% used [0x00000000eba80000,0x00000000eba80000,0x00000000edb80000)
 ParOldGen       total 145408K, used 49258K [0x00000000a0000000, 0x00000000a8e00000, 0x00000000e0000000)
  object space 145408K, 33% used [0x00000000a0000000,0x00000000a301aa18,0x00000000a8e00000)
 Metaspace       used 93697K, capacity 98432K, committed 98496K, reserved 1134592K
  class space    used 11999K, capacity 12923K, committed 12928K, reserved 1048576K
Event: 1401.803 GC heap after
Heap after GC invocations=24 (full 3):
 PSYoungGen      total 224768K, used 31857K [0x00000000e0000000, 0x00000000f2100000, 0x0000000100000000)
  eden space 190976K, 0% used [0x00000000e0000000,0x00000000e0000000,0x00000000eba80000)
  from space 33792K, 94% used [0x00000000eba80000,0x00000000ed99c5c8,0x00000000edb80000)
  to   space 37888K, 0% used [0x00000000efc00000,0x00000000efc00000,0x00000000f2100000)
 ParOldGen       total 145408K, used 49266K [0x00000000a0000000, 0x00000000a8e00000, 0x00000000e0000000)
  object space 145408K, 33% used [0x00000000a0000000,0x00000000a301ca18,0x00000000a8e00000)
 Metaspace       used 93697K, capacity 98432K, committed 98496K, reserved 1134592K
  class space    used 11999K, capacity 12923K, committed 12928K, reserved 1048576K
}
Event: 1401.803 GC heap before
{Heap before GC invocations=25 (full 4):
 PSYoungGen      total 224768K, used 31857K [0x00000000e0000000, 0x00000000f2100000, 0x0000000100000000)
  eden space 190976K, 0% used [0x00000000e0000000,0x00000000e0000000,0x00000000eba80000)
  from space 33792K, 94% used [0x00000000eba80000,0x00000000ed99c5c8,0x00000000edb80000)
  to   space 37888K, 0% used [0x00000000efc00000,0x00000000efc00000,0x00000000f2100000)
 ParOldGen       total 145408K, used 49266K [0x00000000a0000000, 0x00000000a8e00000, 0x00000000e0000000)
  object space 145408K, 33% used [0x00000000a0000000,0x00000000a301ca18,0x00000000a8e00000)
 Metaspace       used 93697K, capacity 98432K, committed 98496K, reserved 1134592K
  class space    used 11999K, capacity 12923K, committed 12928K, reserved 1048576K
Event: 1402.012 GC heap after
Heap after GC invocations=25 (full 4):
 PSYoungGen      total 224768K, used 0K [0x00000000e0000000, 0x00000000f2100000, 0x0000000100000000)
  eden space 190976K, 0% used [0x00000000e0000000,0x00000000e0000000,0x00000000eba80000)
  from space 33792K, 0% used [0x00000000eba80000,0x00000000eba80000,0x00000000edb80000)
  to   space 37888K, 0% used [0x00000000efc00000,0x00000000efc00000,0x00000000f2100000)
 ParOldGen       total 145408K, used 64792K [0x00000000a0000000, 0x00000000a8e00000, 0x00000000e0000000)
  object space 145408K, 44% used [0x00000000a0000000,0x00000000a3f46368,0x00000000a8e00000)
 Metaspace       used 93458K, capacity 97796K, committed 98496K, reserved 1134592K
  class space    used 11920K, capacity 12791K, committed 12928K, reserved 1048576K
}
Event: 1405.229 GC heap before
{Heap before GC invocations=26 (full 4):
 PSYoungGen      total 224768K, used 190976K [0x00000000e0000000, 0x00000000f2100000, 0x0000000100000000)
  eden space 190976K, 100% used [0x00000000e0000000,0x00000000eba80000,0x00000000eba80000)
  from space 33792K, 0% used [0x00000000eba80000,0x00000000eba80000,0x00000000edb80000)
  to   space 37888K, 0% used [0x00000000efc00000,0x00000000efc00000,0x00000000f2100000)
 ParOldGen       total 145408K, used 64792K [0x00000000a0000000, 0x00000000a8e00000, 0x00000000e0000000)
  object space 145408K, 44% used [0x00000000a0000000,0x00000000a3f46368,0x00000000a8e00000)
 Metaspace       used 95472K, capacity 99886K, committed 100480K, reserved 1136640K
  class space    used 12127K, capacity 12986K, committed 13184K, reserved 1048576K
Event: 1405.256 GC heap after
Heap after GC invocations=26 (full 4):
 PSYoungGen      total 259072K, used 12469K [0x00000000e0000000, 0x00000000f2100000, 0x0000000100000000)
  eden space 221184K, 0% used [0x00000000e0000000,0x00000000e0000000,0x00000000ed800000)
  from space 37888K, 32% used [0x00000000efc00000,0x00000000f082d790,0x00000000f2100000)
  to   space 36864K, 0% used [0x00000000ed800000,0x00000000ed800000,0x00000000efc00000)
 ParOldGen       total 145408K, used 64800K [0x00000000a0000000, 0x00000000a8e00000, 0x00000000e0000000)
  object space 145408K, 44% used [0x00000000a0000000,0x00000000a3f48368,0x00000000a8e00000)
 Metaspace       used 95472K, capacity 99886K, committed 100480K, reserved 1136640K
  class space    used 12127K, capacity 12986K, committed 13184K, reserved 1048576K
}
Event: 1406.097 GC heap before
{Heap before GC invocations=27 (full 4):
 PSYoungGen      total 259072K, used 233653K [0x00000000e0000000, 0x00000000f2100000, 0x0000000100000000)
  eden space 221184K, 100% used [0x00000000e0000000,0x00000000ed800000,0x00000000ed800000)
  from space 37888K, 32% used [0x00000000efc00000,0x00000000f082d790,0x00000000f2100000)
  to   space 36864K, 0% used [0x00000000ed800000,0x00000000ed800000,0x00000000efc00000)
 ParOldGen       total 145408K, used 64800K [0x00000000a0000000, 0x00000000a8e00000, 0x00000000e0000000)
  object space 145408K, 44% used [0x00000000a0000000,0x00000000a3f48368,0x00000000a8e00000)
 Metaspace       used 95736K, capacity 100196K, committed 100736K, reserved 1136640K
  class space    used 12164K, capacity 13037K, committed 13184K, reserved 1048576K
Event: 1406.112 GC heap after
Heap after GC invocations=27 (full 4):
 PSYoungGen      total 258048K, used 12357K [0x00000000e0000000, 0x00000000f2100000, 0x0000000100000000)
  eden space 221184K, 0% used [0x00000000e0000000,0x00000000e0000000,0x00000000ed800000)
  from space 36864K, 33% used [0x00000000ed800000,0x00000000ee411708,0x00000000efc00000)
  to   space 37888K, 0% used [0x00000000efc00000,0x00000000efc00000,0x00000000f2100000)
 ParOldGen       total 145408K, used 64808K [0x00000000a0000000, 0x00000000a8e00000, 0x00000000e0000000)
  object space 145408K, 44% used [0x00000000a0000000,0x00000000a3f4a368,0x00000000a8e00000)
 Metaspace       used 95736K, capacity 100196K, committed 100736K, reserved 1136640K
  class space    used 12164K, capacity 13037K, committed 13184K, reserved 1048576K
}

